<?xml version="1.0" encoding="UTF-8"?>
<!-- Generated by org.testng.reporters.JUnitReportReporter -->
<testsuite hostname="DESKTOP-MJL00VU" failures="0" tests="3" name="TestNG.TestNG.Demo3" time="0.023" errors="0" timestamp="2022-04-19T23:37:05 IST" skipped="0">
  <testcase classname="TestNG.TestNG.Demo3" name="pune" time="0.004"/>
  <system-out/>
  <testcase classname="TestNG.TestNG.Demo3" name="mumbai" time="0.017"/>
  <system-out/>
  <testcase classname="TestNG.TestNG.Demo3" name="delhi" time="0.002"/>
  <system-out/>
</testsuite> <!-- TestNG.TestNG.Demo3 -->
