<?xml version="1.0" encoding="UTF-8"?>
<!-- Generated by org.testng.reporters.JUnitReportReporter -->
<testsuite hostname="DESKTOP-MJL00VU" failures="0" tests="2" name="TestNG.TestNG.Group" time="0.016" errors="0" timestamp="2022-04-20T16:41:43 IST" skipped="0">
  <testcase classname="TestNG.TestNG.Group" name="xyz" time="0.000"/>
  <system-out/>
  <testcase classname="TestNG.TestNG.Group" name="abc" time="0.016"/>
  <system-out/>
</testsuite> <!-- TestNG.TestNG.Group -->
