<?xml version="1.0" encoding="UTF-8"?>
<!-- Generated by org.testng.reporters.JUnitReportReporter -->
<testsuite hostname="DESKTOP-MJL00VU" failures="0" tests="4" name="TestNG.TestNG.Demo5" time="15.247" errors="0" timestamp="2022-04-20T23:29:48 IST" skipped="0">
  <testcase classname="TestNG.TestNG.Demo5" name="setup" time="8.487"/>
  <system-out/>
  <testcase classname="TestNG.TestNG.Demo5" name="loginfunctionality" time="5.966"/>
  <system-out/>
  <testcase classname="TestNG.TestNG.Demo5" name="verifytitle" time="0.038"/>
  <system-out/>
  <testcase classname="TestNG.TestNG.Demo5" name="tearDown" time="0.756"/>
  <system-out/>
</testsuite> <!-- TestNG.TestNG.Demo5 -->
