<?xml version="1.0" encoding="UTF-8"?>
<!-- Generated by org.testng.reporters.JUnitReportReporter -->
<testsuite hostname="DESKTOP-MJL00VU" failures="0" tests="4" name="TestNG.TestNG.Demo" time="17.825" errors="0" timestamp="2022-04-18T23:46:58 IST" skipped="0">
  <testcase classname="TestNG.TestNG.Demo" name="setUp" time="11.066"/>
  <system-out/>
  <testcase classname="TestNG.TestNG.Demo" name="loginFunctinality" time="5.934"/>
  <system-out/>
  <testcase classname="TestNG.TestNG.Demo" name="verifyTitle" time="0.033"/>
  <system-out/>
  <testcase classname="TestNG.TestNG.Demo" name="tearDown" time="0.792"/>
  <system-out/>
</testsuite> <!-- TestNG.TestNG.Demo -->
