<?xml version="1.0" encoding="UTF-8"?>
<!-- Generated by org.testng.reporters.JUnitReportReporter -->
<testsuite hostname="DESKTOP-MJL00VU" failures="0" tests="3" name="TestNG.TestNG.Demo2" time="0.021" errors="0" timestamp="2022-04-18T23:44:16 IST" skipped="0">
  <testcase classname="TestNG.TestNG.Demo2" name="login" time="0.017"/>
  <system-out/>
  <testcase classname="TestNG.TestNG.Demo2" name="search" time="0.002"/>
  <system-out/>
  <testcase classname="TestNG.TestNG.Demo2" name="logout" time="0.002"/>
  <system-out/>
</testsuite> <!-- TestNG.TestNG.Demo2 -->
