<?xml version="1.0" encoding="UTF-8"?>
<!-- Generated by org.testng.reporters.JUnitReportReporter -->
<testsuite hostname="DESKTOP-MJL00VU" failures="0" tests="3" name="TestNG.TestNG.Demo1" time="0.028" errors="0" timestamp="2022-04-18T23:42:58 IST" skipped="0">
  <testcase classname="TestNG.TestNG.Demo1" name="testz" time="0.003"/>
  <system-out/>
  <testcase classname="TestNG.TestNG.Demo1" name="testa" time="0.023"/>
  <system-out/>
  <testcase classname="TestNG.TestNG.Demo1" name="testp" time="0.002"/>
  <system-out/>
</testsuite> <!-- TestNG.TestNG.Demo1 -->
