<?xml version="1.0" encoding="UTF-8"?>
<!-- Generated by org.testng.reporters.JUnitReportReporter -->
<testsuite hostname="DESKTOP-MJL00VU" failures="0" tests="3" name="TestNG.TestNG.Demo4" time="0.000" errors="0" timestamp="2022-04-20T16:41:43 IST" skipped="0">
  <testcase classname="TestNG.TestNG.Demo4" name="testcasest" time="0.000"/>
  <system-out/>
  <testcase classname="TestNG.TestNG.Demo4" name="testcasesz" time="0.000"/>
  <system-out/>
  <testcase classname="TestNG.TestNG.Demo4" name="testcasesm" time="0.000"/>
  <system-out/>
</testsuite> <!-- TestNG.TestNG.Demo4 -->
